<?xml version="1.0" encoding="UTF-8"?>
<coverage generated="1435619203">
  <project timestamp="1435619203">
    <package name="Learnosity">
      <file name="/Users/michaelsharman/Documents/workspaces/learnosity-qti/src/AppContainer.php">
        <class name="AppContainer" namespace="Learnosity">
          <metrics methods="1" coveredmethods="1" conditionals="0" coveredconditionals="0" statements="6" coveredstatements="6" elements="7" coveredelements="7"/>
        </class>
        <line num="13" type="method" name="getApplicationContainer" crap="2" count="9"/>
        <line num="15" type="stmt" count="9"/>
        <line num="16" type="stmt" count="1"/>
        <line num="17" type="stmt" count="1"/>
        <line num="18" type="stmt" count="1"/>
        <line num="19" type="stmt" count="1"/>
        <line num="20" type="stmt" count="9"/>
        <metrics loc="23" ncloc="23" classes="1" methods="1" coveredmethods="1" conditionals="0" coveredconditionals="0" statements="6" coveredstatements="6" elements="7" coveredelements="7"/>
      </file>
      <file name="/Users/michaelsharman/Documents/workspaces/learnosity-qti/src/Converter.php">
        <class name="Converter" namespace="Learnosity">
          <metrics methods="2" coveredmethods="0" conditionals="0" coveredconditionals="0" statements="49" coveredstatements="0" elements="51" coveredelements="0"/>
        </class>
        <line num="20" type="method" name="convertQtiItemToLearnosity" crap="20" count="0"/>
        <line num="22" type="stmt" count="0"/>
        <line num="23" type="stmt" count="0"/>
        <line num="25" type="stmt" count="0"/>
        <line num="26" type="stmt" count="0"/>
        <line num="27" type="stmt" count="0"/>
        <line num="28" type="stmt" count="0"/>
        <line num="29" type="stmt" count="0"/>
        <line num="31" type="stmt" count="0"/>
        <line num="32" type="stmt" count="0"/>
        <line num="33" type="stmt" count="0"/>
        <line num="34" type="stmt" count="0"/>
        <line num="35" type="stmt" count="0"/>
        <line num="36" type="stmt" count="0"/>
        <line num="37" type="stmt" count="0"/>
        <line num="38" type="stmt" count="0"/>
        <line num="41" type="method" name="parseIMSCPPackage" crap="56" count="0"/>
        <line num="43" type="stmt" count="0"/>
        <line num="46" type="stmt" count="0"/>
        <line num="49" type="stmt" count="0"/>
        <line num="50" type="stmt" count="0"/>
        <line num="52" type="stmt" count="0"/>
        <line num="53" type="stmt" count="0"/>
        <line num="56" type="stmt" count="0"/>
        <line num="59" type="stmt" count="0"/>
        <line num="60" type="stmt" count="0"/>
        <line num="62" type="stmt" count="0"/>
        <line num="63" type="stmt" count="0"/>
        <line num="64" type="stmt" count="0"/>
        <line num="65" type="stmt" count="0"/>
        <line num="66" type="stmt" count="0"/>
        <line num="67" type="stmt" count="0"/>
        <line num="68" type="stmt" count="0"/>
        <line num="69" type="stmt" count="0"/>
        <line num="70" type="stmt" count="0"/>
        <line num="72" type="stmt" count="0"/>
        <line num="73" type="stmt" count="0"/>
        <line num="74" type="stmt" count="0"/>
        <line num="76" type="stmt" count="0"/>
        <line num="77" type="stmt" count="0"/>
        <line num="79" type="stmt" count="0"/>
        <line num="82" type="stmt" count="0"/>
        <line num="84" type="stmt" count="0"/>
        <line num="85" type="stmt" count="0"/>
        <line num="87" type="stmt" count="0"/>
        <line num="88" type="stmt" count="0"/>
        <line num="89" type="stmt" count="0"/>
        <line num="90" type="stmt" count="0"/>
        <line num="91" type="stmt" count="0"/>
        <line num="92" type="stmt" count="0"/>
        <line num="94" type="stmt" count="0"/>
        <metrics loc="95" ncloc="87" classes="1" methods="2" coveredmethods="0" conditionals="0" coveredconditionals="0" statements="49" coveredstatements="0" elements="51" coveredelements="0"/>
      </file>
      <file name="/Users/michaelsharman/Documents/workspaces/learnosity-qti/src/EntityGenerator.php">
        <class name="EntityGenerator" namespace="Learnosity">
          <metrics methods="10" coveredmethods="10" conditionals="0" coveredconditionals="0" statements="85" coveredstatements="85" elements="95" coveredelements="95"/>
        </class>
        <line num="16" type="method" name="__construct" crap="1" count="1"/>
        <line num="18" type="stmt" count="1"/>
        <line num="19" type="stmt" count="1"/>
        <line num="20" type="stmt" count="1"/>
        <line num="21" type="stmt" count="1"/>
        <line num="23" type="stmt" count="1"/>
        <line num="24" type="stmt" count="1"/>
        <line num="25" type="stmt" count="1"/>
        <line num="27" type="method" name="cleanUp" crap="1" count="1"/>
        <line num="29" type="stmt" count="1"/>
        <line num="30" type="stmt" count="1"/>
        <line num="32" type="method" name="renderFile" crap="2" count="1"/>
        <line num="34" type="stmt" count="1"/>
        <line num="36" type="stmt" count="1"/>
        <line num="37" type="stmt" count="1"/>
        <line num="38" type="stmt" count="1"/>
        <line num="40" type="stmt" count="1"/>
        <line num="41" type="stmt" count="1"/>
        <line num="42" type="stmt" count="1"/>
        <line num="43" type="stmt" count="1"/>
        <line num="44" type="stmt" count="1"/>
        <line num="45" type="stmt" count="1"/>
        <line num="46" type="stmt" count="1"/>
        <line num="51" type="method" name="updateAttribute" crap="8" count="1"/>
        <line num="53" type="stmt" count="1"/>
        <line num="54" type="stmt" count="1"/>
        <line num="55" type="stmt" count="1"/>
        <line num="56" type="stmt" count="1"/>
        <line num="57" type="stmt" count="1"/>
        <line num="58" type="stmt" count="1"/>
        <line num="60" type="stmt" count="1"/>
        <line num="61" type="stmt" count="1"/>
        <line num="62" type="stmt" count="1"/>
        <line num="63" type="stmt" count="1"/>
        <line num="64" type="stmt" count="1"/>
        <line num="68" type="stmt" count="1"/>
        <line num="69" type="stmt" count="1"/>
        <line num="70" type="stmt" count="1"/>
        <line num="71" type="stmt" count="1"/>
        <line num="72" type="stmt" count="1"/>
        <line num="73" type="stmt" count="1"/>
        <line num="74" type="stmt" count="1"/>
        <line num="77" type="method" name="generateAttributeClasses" crap="6" count="1"/>
        <line num="79" type="stmt" count="1"/>
        <line num="80" type="stmt" count="1"/>
        <line num="82" type="stmt" count="1"/>
        <line num="83" type="stmt" count="1"/>
        <line num="84" type="stmt" count="1"/>
        <line num="85" type="stmt" count="1"/>
        <line num="86" type="stmt" count="1"/>
        <line num="87" type="stmt" count="1"/>
        <line num="88" type="stmt" count="1"/>
        <line num="90" type="stmt" count="1"/>
        <line num="91" type="stmt" count="1"/>
        <line num="92" type="stmt" count="1"/>
        <line num="93" type="stmt" count="1"/>
        <line num="94" type="stmt" count="1"/>
        <line num="95" type="stmt" count="1"/>
        <line num="96" type="stmt" count="1"/>
        <line num="97" type="stmt" count="1"/>
        <line num="98" type="stmt" count="1"/>
        <line num="100" type="method" name="generateClasses" crap="6" count="1"/>
        <line num="102" type="stmt" count="1"/>
        <line num="103" type="stmt" count="1"/>
        <line num="104" type="stmt" count="1"/>
        <line num="105" type="stmt" count="1"/>
        <line num="106" type="stmt" count="1"/>
        <line num="107" type="stmt" count="1"/>
        <line num="108" type="stmt" count="1"/>
        <line num="109" type="stmt" count="1"/>
        <line num="110" type="stmt" count="1"/>
        <line num="111" type="method" name="anonymous function" crap="2" count="1"/>
        <line num="112" type="stmt" count="1"/>
        <line num="113" type="stmt" count="1"/>
        <line num="114" type="stmt" count="1"/>
        <line num="115" type="stmt" count="1"/>
        <line num="117" type="stmt" count="1"/>
        <line num="118" type="stmt" count="1"/>
        <line num="119" type="stmt" count="1"/>
        <line num="120" type="stmt" count="1"/>
        <line num="121" type="stmt" count="1"/>
        <line num="122" type="stmt" count="1"/>
        <line num="123" type="stmt" count="1"/>
        <line num="124" type="stmt" count="1"/>
        <line num="126" type="method" name="generateQuestionsClasses" crap="1" count="1"/>
        <line num="128" type="stmt" count="1"/>
        <line num="129" type="stmt" count="1"/>
        <line num="130" type="stmt" count="1"/>
        <line num="131" type="stmt" count="1"/>
        <line num="132" type="stmt" count="1"/>
        <line num="133" type="stmt" count="1"/>
        <line num="134" type="stmt" count="1"/>
        <line num="135" type="stmt" count="1"/>
        <line num="137" type="method" name="generateItemClasses" crap="1" count="1"/>
        <line num="139" type="stmt" count="1"/>
        <line num="140" type="stmt" count="1"/>
        <line num="141" type="stmt" count="1"/>
        <line num="142" type="stmt" count="1"/>
        <line num="143" type="stmt" count="1"/>
        <line num="145" type="method" name="generateActivityClasses" crap="1" count="1"/>
        <line num="147" type="stmt" count="1"/>
        <line num="148" type="stmt" count="1"/>
        <line num="149" type="stmt" count="1"/>
        <line num="150" type="stmt" count="1"/>
        <line num="151" type="stmt" count="1"/>
        <metrics loc="152" ncloc="136" classes="1" methods="10" coveredmethods="10" conditionals="0" coveredconditionals="0" statements="95" coveredstatements="95" elements="105" coveredelements="105"/>
      </file>
      <file name="/Users/michaelsharman/Documents/workspaces/learnosity-qti/src/QtiImportDocumentationGenerator.php">
        <class name="QtiImportDocumentationGenerator" namespace="Learnosity">
          <metrics methods="3" coveredmethods="2" conditionals="0" coveredconditionals="0" statements="32" coveredstatements="30" elements="35" coveredelements="32"/>
        </class>
        <line num="18" type="method" name="__construct" crap="1" count="1"/>
        <line num="20" type="stmt" count="1"/>
        <line num="21" type="stmt" count="1"/>
        <line num="22" type="stmt" count="1"/>
        <line num="24" type="stmt" count="1"/>
        <line num="25" type="stmt" count="1"/>
        <line num="26" type="stmt" count="1"/>
        <line num="27" type="stmt" count="1"/>
        <line num="28" type="stmt" count="1"/>
        <line num="30" type="method" name="generateDocumentation" crap="2" count="1"/>
        <line num="35" type="stmt" count="1"/>
        <line num="36" type="stmt" count="1"/>
        <line num="37" type="stmt" count="1"/>
        <line num="38" type="stmt" count="1"/>
        <line num="39" type="stmt" count="1"/>
        <line num="41" type="stmt" count="1"/>
        <line num="42" type="stmt" count="1"/>
        <line num="43" type="stmt" count="1"/>
        <line num="45" type="stmt" count="1"/>
        <line num="46" type="stmt" count="1"/>
        <line num="47" type="stmt" count="1"/>
        <line num="48" type="stmt" count="1"/>
        <line num="49" type="stmt" count="1"/>
        <line num="52" type="stmt" count="1"/>
        <line num="53" type="stmt" count="1"/>
        <line num="54" type="stmt" count="1"/>
        <line num="55" type="stmt" count="1"/>
        <line num="56" type="stmt" count="1"/>
        <line num="57" type="stmt" count="1"/>
        <line num="59" type="method" name="renderFile" crap="2.26" count="1"/>
        <line num="61" type="stmt" count="1"/>
        <line num="62" type="stmt" count="0"/>
        <line num="63" type="stmt" count="0"/>
        <line num="64" type="stmt" count="1"/>
        <line num="65" type="stmt" count="1"/>
        <metrics loc="67" ncloc="60" classes="1" methods="3" coveredmethods="2" conditionals="0" coveredconditionals="0" statements="32" coveredstatements="30" elements="35" coveredelements="32"/>
      </file>
    </package>
    <package name="Learnosity\Command">
      <file name="/Users/michaelsharman/Documents/workspaces/learnosity-qti/src/Command/ConvertCommand.php">
        <class name="ConvertCommand" namespace="Learnosity\Command">
          <metrics methods="3" coveredmethods="0" conditionals="0" coveredconditionals="0" statements="45" coveredstatements="0" elements="48" coveredelements="0"/>
        </class>
        <line num="16" type="method" name="configure" crap="2" count="0"/>
        <line num="18" type="stmt" count="0"/>
        <line num="23" type="stmt" count="0"/>
        <line num="24" type="stmt" count="0"/>
        <line num="25" type="stmt" count="0"/>
        <line num="27" type="stmt" count="0"/>
        <line num="28" type="stmt" count="0"/>
        <line num="29" type="stmt" count="0"/>
        <line num="31" type="stmt" count="0"/>
        <line num="32" type="stmt" count="0"/>
        <line num="33" type="stmt" count="0"/>
        <line num="34" type="stmt" count="0"/>
        <line num="35" type="stmt" count="0"/>
        <line num="37" type="stmt" count="0"/>
        <line num="38" type="stmt" count="0"/>
        <line num="39" type="stmt" count="0"/>
        <line num="40" type="stmt" count="0"/>
        <line num="41" type="stmt" count="0"/>
        <line num="43" type="stmt" count="0"/>
        <line num="44" type="stmt" count="0"/>
        <line num="45" type="stmt" count="0"/>
        <line num="46" type="stmt" count="0"/>
        <line num="47" type="stmt" count="0"/>
        <line num="49" type="stmt" count="0"/>
        <line num="50" type="stmt" count="0"/>
        <line num="52" type="method" name="execute" crap="30" count="0"/>
        <line num="54" type="stmt" count="0"/>
        <line num="55" type="stmt" count="0"/>
        <line num="56" type="stmt" count="0"/>
        <line num="58" type="stmt" count="0"/>
        <line num="59" type="stmt" count="0"/>
        <line num="61" type="stmt" count="0"/>
        <line num="63" type="stmt" count="0"/>
        <line num="64" type="stmt" count="0"/>
        <line num="65" type="stmt" count="0"/>
        <line num="66" type="stmt" count="0"/>
        <line num="68" type="stmt" count="0"/>
        <line num="69" type="stmt" count="0"/>
        <line num="70" type="stmt" count="0"/>
        <line num="71" type="stmt" count="0"/>
        <line num="72" type="stmt" count="0"/>
        <line num="74" type="stmt" count="0"/>
        <line num="76" type="stmt" count="0"/>
        <line num="78" type="method" name="processQtiAssessmentItem" crap="2" count="0"/>
        <line num="80" type="stmt" count="0"/>
        <line num="81" type="stmt" count="0"/>
        <line num="82" type="stmt" count="0"/>
        <line num="83" type="stmt" count="0"/>
        <metrics loc="84" ncloc="74" classes="1" methods="3" coveredmethods="0" conditionals="0" coveredconditionals="0" statements="45" coveredstatements="0" elements="48" coveredelements="0"/>
      </file>
      <file name="/Users/michaelsharman/Documents/workspaces/learnosity-qti/src/Command/DocumentCommand.php">
        <class name="DocumentCommand" namespace="Learnosity\Command">
          <metrics methods="2" coveredmethods="0" conditionals="0" coveredconditionals="0" statements="6" coveredstatements="0" elements="8" coveredelements="0"/>
        </class>
        <line num="14" type="method" name="configure" crap="2" count="0"/>
        <line num="16" type="stmt" count="0"/>
        <line num="17" type="stmt" count="0"/>
        <line num="19" type="method" name="execute" crap="2" count="0"/>
        <line num="21" type="stmt" count="0"/>
        <line num="22" type="stmt" count="0"/>
        <line num="23" type="stmt" count="0"/>
        <line num="24" type="stmt" count="0"/>
        <metrics loc="24" ncloc="24" classes="1" methods="2" coveredmethods="0" conditionals="0" coveredconditionals="0" statements="6" coveredstatements="0" elements="8" coveredelements="0"/>
      </file>
      <file name="/Users/michaelsharman/Documents/workspaces/learnosity-qti/src/Command/EntityCommand.php">
        <class name="EntityCommand" namespace="Learnosity\Command">
          <metrics methods="2" coveredmethods="0" conditionals="0" coveredconditionals="0" statements="8" coveredstatements="0" elements="10" coveredelements="0"/>
        </class>
        <line num="15" type="method" name="configure" crap="2" count="0"/>
        <line num="17" type="stmt" count="0"/>
        <line num="18" type="stmt" count="0"/>
        <line num="20" type="method" name="execute" crap="2" count="0"/>
        <line num="23" type="stmt" count="0"/>
        <line num="24" type="stmt" count="0"/>
        <line num="25" type="stmt" count="0"/>
        <line num="26" type="stmt" count="0"/>
        <line num="27" type="stmt" count="0"/>
        <line num="28" type="stmt" count="0"/>
        <metrics loc="28" ncloc="27" classes="1" methods="2" coveredmethods="0" conditionals="0" coveredconditionals="0" statements="8" coveredstatements="0" elements="10" coveredelements="0"/>
      </file>
    </package>
    <package name="Learnosity\Exceptions">
      <file name="/Users/michaelsharman/Documents/workspaces/learnosity-qti/src/Exceptions/MappingException.php">
        <class name="MappingException" namespace="Learnosity\Exceptions">
          <metrics methods="3" coveredmethods="1" conditionals="0" coveredconditionals="0" statements="5" coveredstatements="3" elements="8" coveredelements="4"/>
        </class>
        <line num="11" type="method" name="__construct" crap="1" count="35"/>
        <line num="13" type="stmt" count="35"/>
        <line num="14" type="stmt" count="35"/>
        <line num="15" type="stmt" count="35"/>
        <line num="17" type="method" name="getType" crap="2" count="0"/>
        <line num="19" type="stmt" count="0"/>
        <line num="22" type="method" name="__toString" crap="2" count="0"/>
        <line num="24" type="stmt" count="0"/>
        <metrics loc="26" ncloc="26" classes="1" methods="3" coveredmethods="1" conditionals="0" coveredconditionals="0" statements="5" coveredstatements="3" elements="8" coveredelements="4"/>
      </file>
    </package>
    <package name="Learnosity\Mappers\IMSCP\Entities">
      <file name="/Users/michaelsharman/Documents/workspaces/learnosity-qti/src/Mappers/IMSCP/Entities/Dependency.php">
        <class name="Dependency" namespace="Learnosity\Mappers\IMSCP\Entities">
          <metrics methods="2" coveredmethods="0" conditionals="0" coveredconditionals="0" statements="3" coveredstatements="0" elements="5" coveredelements="0"/>
        </class>
        <line num="13" type="method" name="getIdentifierref" crap="2" count="0"/>
        <line num="15" type="stmt" count="0"/>
        <line num="21" type="method" name="setIdentifierref" crap="2" count="0"/>
        <line num="23" type="stmt" count="0"/>
        <line num="24" type="stmt" count="0"/>
        <metrics loc="27" ncloc="21" classes="1" methods="2" coveredmethods="0" conditionals="0" coveredconditionals="0" statements="3" coveredstatements="0" elements="5" coveredelements="0"/>
      </file>
      <file name="/Users/michaelsharman/Documents/workspaces/learnosity-qti/src/Mappers/IMSCP/Entities/File.php">
        <class name="File" namespace="Learnosity\Mappers\IMSCP\Entities">
          <metrics methods="2" coveredmethods="0" conditionals="0" coveredconditionals="0" statements="3" coveredstatements="0" elements="5" coveredelements="0"/>
        </class>
        <line num="13" type="method" name="getHref" crap="2" count="0"/>
        <line num="15" type="stmt" count="0"/>
        <line num="21" type="method" name="setHref" crap="2" count="0"/>
        <line num="23" type="stmt" count="0"/>
        <line num="24" type="stmt" count="0"/>
        <metrics loc="26" ncloc="20" classes="1" methods="2" coveredmethods="0" conditionals="0" coveredconditionals="0" statements="3" coveredstatements="0" elements="5" coveredelements="0"/>
      </file>
      <file name="/Users/michaelsharman/Documents/workspaces/learnosity-qti/src/Mappers/IMSCP/Entities/Manifest.php">
        <class name="Manifest" namespace="Learnosity\Mappers\IMSCP\Entities">
          <metrics methods="8" coveredmethods="0" conditionals="0" coveredconditionals="0" statements="12" coveredstatements="0" elements="20" coveredelements="0"/>
        </class>
        <line num="15" type="method" name="getResources" crap="2" count="0"/>
        <line num="17" type="stmt" count="0"/>
        <line num="23" type="method" name="setResources" crap="2" count="0"/>
        <line num="25" type="stmt" count="0"/>
        <line num="26" type="stmt" count="0"/>
        <line num="31" type="method" name="getMetadata" crap="2" count="0"/>
        <line num="33" type="stmt" count="0"/>
        <line num="39" type="method" name="setMetadata" crap="2" count="0"/>
        <line num="41" type="stmt" count="0"/>
        <line num="42" type="stmt" count="0"/>
        <line num="47" type="method" name="getOrganizations" crap="2" count="0"/>
        <line num="49" type="stmt" count="0"/>
        <line num="55" type="method" name="setOrganizations" crap="2" count="0"/>
        <line num="57" type="stmt" count="0"/>
        <line num="58" type="stmt" count="0"/>
        <line num="63" type="method" name="getIdentifier" crap="2" count="0"/>
        <line num="65" type="stmt" count="0"/>
        <line num="71" type="method" name="setIdentifier" crap="2" count="0"/>
        <line num="73" type="stmt" count="0"/>
        <line num="74" type="stmt" count="0"/>
        <metrics loc="75" ncloc="51" classes="1" methods="8" coveredmethods="0" conditionals="0" coveredconditionals="0" statements="12" coveredstatements="0" elements="20" coveredelements="0"/>
      </file>
      <file name="/Users/michaelsharman/Documents/workspaces/learnosity-qti/src/Mappers/IMSCP/Entities/Metadata.php">
        <class name="Metadata" namespace="Learnosity\Mappers\IMSCP\Entities">
          <metrics methods="0" coveredmethods="0" conditionals="0" coveredconditionals="0" statements="0" coveredstatements="0" elements="0" coveredelements="0"/>
        </class>
        <metrics loc="9" ncloc="9" classes="1" methods="0" coveredmethods="0" conditionals="0" coveredconditionals="0" statements="0" coveredstatements="0" elements="0" coveredelements="0"/>
      </file>
      <file name="/Users/michaelsharman/Documents/workspaces/learnosity-qti/src/Mappers/IMSCP/Entities/Resource.php">
        <class name="Resource" namespace="Learnosity\Mappers\IMSCP\Entities">
          <metrics methods="12" coveredmethods="0" conditionals="0" coveredconditionals="0" statements="18" coveredstatements="0" elements="30" coveredelements="0"/>
        </class>
        <line num="22" type="method" name="getHref" crap="2" count="0"/>
        <line num="24" type="stmt" count="0"/>
        <line num="30" type="method" name="setHref" crap="2" count="0"/>
        <line num="32" type="stmt" count="0"/>
        <line num="33" type="stmt" count="0"/>
        <line num="38" type="method" name="getIdentifier" crap="2" count="0"/>
        <line num="40" type="stmt" count="0"/>
        <line num="46" type="method" name="setIdentifier" crap="2" count="0"/>
        <line num="48" type="stmt" count="0"/>
        <line num="49" type="stmt" count="0"/>
        <line num="54" type="method" name="getType" crap="2" count="0"/>
        <line num="56" type="stmt" count="0"/>
        <line num="62" type="method" name="setType" crap="2" count="0"/>
        <line num="64" type="stmt" count="0"/>
        <line num="65" type="stmt" count="0"/>
        <line num="70" type="method" name="getMetadata" crap="2" count="0"/>
        <line num="72" type="stmt" count="0"/>
        <line num="78" type="method" name="setMetadata" crap="2" count="0"/>
        <line num="80" type="stmt" count="0"/>
        <line num="81" type="stmt" count="0"/>
        <line num="86" type="method" name="getFiles" crap="2" count="0"/>
        <line num="88" type="stmt" count="0"/>
        <line num="94" type="method" name="setFiles" crap="2" count="0"/>
        <line num="96" type="stmt" count="0"/>
        <line num="97" type="stmt" count="0"/>
        <line num="102" type="method" name="getDependencies" crap="2" count="0"/>
        <line num="104" type="stmt" count="0"/>
        <line num="110" type="method" name="setDependencies" crap="2" count="0"/>
        <line num="112" type="stmt" count="0"/>
        <line num="113" type="stmt" count="0"/>
        <metrics loc="114" ncloc="78" classes="1" methods="12" coveredmethods="0" conditionals="0" coveredconditionals="0" statements="18" coveredstatements="0" elements="30" coveredelements="0"/>
      </file>
    </package>
    <package name="Learnosity\Mappers\IMSCP\Import">
      <file name="/Users/michaelsharman/Documents/workspaces/learnosity-qti/src/Mappers/IMSCP/Import/ManifestMapper.php">
        <class name="ManifestMapper" namespace="Learnosity\Mappers\IMSCP\Import">
          <metrics methods="2" coveredmethods="0" conditionals="0" coveredconditionals="0" statements="60" coveredstatements="0" elements="62" coveredelements="0"/>
        </class>
        <line num="17" type="method" name="parse" crap="90" count="0"/>
        <line num="19" type="stmt" count="0"/>
        <line num="21" type="stmt" count="0"/>
        <line num="22" type="stmt" count="0"/>
        <line num="23" type="stmt" count="0"/>
        <line num="24" type="stmt" count="0"/>
        <line num="25" type="stmt" count="0"/>
        <line num="26" type="stmt" count="0"/>
        <line num="27" type="stmt" count="0"/>
        <line num="30" type="stmt" count="0"/>
        <line num="32" type="stmt" count="0"/>
        <line num="34" type="stmt" count="0"/>
        <line num="35" type="stmt" count="0"/>
        <line num="36" type="stmt" count="0"/>
        <line num="37" type="stmt" count="0"/>
        <line num="38" type="stmt" count="0"/>
        <line num="39" type="stmt" count="0"/>
        <line num="41" type="stmt" count="0"/>
        <line num="43" type="stmt" count="0"/>
        <line num="44" type="stmt" count="0"/>
        <line num="45" type="stmt" count="0"/>
        <line num="46" type="stmt" count="0"/>
        <line num="47" type="stmt" count="0"/>
        <line num="48" type="stmt" count="0"/>
        <line num="49" type="stmt" count="0"/>
        <line num="50" type="stmt" count="0"/>
        <line num="51" type="stmt" count="0"/>
        <line num="53" type="stmt" count="0"/>
        <line num="54" type="stmt" count="0"/>
        <line num="55" type="stmt" count="0"/>
        <line num="56" type="stmt" count="0"/>
        <line num="57" type="stmt" count="0"/>
        <line num="58" type="stmt" count="0"/>
        <line num="59" type="stmt" count="0"/>
        <line num="60" type="stmt" count="0"/>
        <line num="61" type="stmt" count="0"/>
        <line num="62" type="stmt" count="0"/>
        <line num="63" type="stmt" count="0"/>
        <line num="66" type="stmt" count="0"/>
        <line num="67" type="stmt" count="0"/>
        <line num="69" type="stmt" count="0"/>
        <line num="71" type="stmt" count="0"/>
        <line num="72" type="stmt" count="0"/>
        <line num="73" type="stmt" count="0"/>
        <line num="75" type="stmt" count="0"/>
        <line num="85" type="method" name="validate" crap="30" count="0"/>
        <line num="87" type="stmt" count="0"/>
        <line num="88" type="stmt" count="0"/>
        <line num="91" type="stmt" count="0"/>
        <line num="92" type="stmt" count="0"/>
        <line num="93" type="stmt" count="0"/>
        <line num="95" type="stmt" count="0"/>
        <line num="96" type="stmt" count="0"/>
        <line num="97" type="stmt" count="0"/>
        <line num="98" type="stmt" count="0"/>
        <line num="99" type="stmt" count="0"/>
        <line num="101" type="stmt" count="0"/>
        <line num="102" type="stmt" count="0"/>
        <line num="103" type="stmt" count="0"/>
        <line num="104" type="stmt" count="0"/>
        <line num="105" type="stmt" count="0"/>
        <line num="107" type="stmt" count="0"/>
        <metrics loc="111" ncloc="101" classes="1" methods="2" coveredmethods="0" conditionals="0" coveredconditionals="0" statements="60" coveredstatements="0" elements="62" coveredelements="0"/>
      </file>
    </package>
    <package name="Learnosity\Mappers\Learnosity\Export">
      <file name="/Users/michaelsharman/Documents/workspaces/learnosity-qti/src/Mappers/Learnosity/Export/ItemWriter.php">
        <class name="ItemWriter" namespace="Learnosity\Mappers\Learnosity\Export">
          <metrics methods="2" coveredmethods="0" conditionals="0" coveredconditionals="0" statements="2" coveredstatements="0" elements="4" coveredelements="0"/>
        </class>
        <line num="9" type="method" name="__construct" crap="2" count="0"/>
        <line num="11" type="stmt" count="0"/>
        <line num="13" type="method" name="convert" crap="2" count="0"/>
        <line num="15" type="stmt" count="0"/>
        <metrics loc="17" ncloc="17" classes="1" methods="2" coveredmethods="0" conditionals="0" coveredconditionals="0" statements="2" coveredstatements="0" elements="4" coveredelements="0"/>
      </file>
      <file name="/Users/michaelsharman/Documents/workspaces/learnosity-qti/src/Mappers/Learnosity/Export/QuestionWriter.php">
        <class name="QuestionWriter" namespace="Learnosity\Mappers\Learnosity\Export">
          <metrics methods="2" coveredmethods="0" conditionals="0" coveredconditionals="0" statements="2" coveredstatements="0" elements="4" coveredelements="0"/>
        </class>
        <line num="9" type="method" name="__construct" crap="2" count="0"/>
        <line num="11" type="stmt" count="0"/>
        <line num="13" type="method" name="convert" crap="2" count="0"/>
        <line num="15" type="stmt" count="0"/>
        <metrics loc="17" ncloc="17" classes="1" methods="2" coveredmethods="0" conditionals="0" coveredconditionals="0" statements="2" coveredstatements="0" elements="4" coveredelements="0"/>
      </file>
    </package>
    <package name="Learnosity\Mappers\Learnosity\Import">
      <file name="/Users/michaelsharman/Documents/workspaces/learnosity-qti/src/Mappers/Learnosity/Import/EntityBuilder.php">
        <class name="EntityBuilder" namespace="Learnosity\Mappers\Learnosity\Import">
          <metrics methods="2" coveredmethods="0" conditionals="0" coveredconditionals="0" statements="28" coveredstatements="0" elements="30" coveredelements="0"/>
        </class>
        <line num="9" type="method" name="build" crap="20" count="0"/>
        <line num="11" type="stmt" count="0"/>
        <line num="12" type="stmt" count="0"/>
        <line num="13" type="stmt" count="0"/>
        <line num="14" type="stmt" count="0"/>
        <line num="15" type="stmt" count="0"/>
        <line num="16" type="stmt" count="0"/>
        <line num="17" type="stmt" count="0"/>
        <line num="18" type="stmt" count="0"/>
        <line num="19" type="stmt" count="0"/>
        <line num="20" type="stmt" count="0"/>
        <line num="22" type="stmt" count="0"/>
        <line num="23" type="stmt" count="0"/>
        <line num="25" type="stmt" count="0"/>
        <line num="27" type="stmt" count="0"/>
        <line num="30" type="method" name="populateClassFields" crap="30" count="0"/>
        <line num="33" type="stmt" count="0"/>
        <line num="34" type="stmt" count="0"/>
        <line num="35" type="stmt" count="0"/>
        <line num="36" type="stmt" count="0"/>
        <line num="37" type="stmt" count="0"/>
        <line num="38" type="stmt" count="0"/>
        <line num="39" type="stmt" count="0"/>
        <line num="40" type="stmt" count="0"/>
        <line num="41" type="stmt" count="0"/>
        <line num="42" type="stmt" count="0"/>
        <line num="43" type="stmt" count="0"/>
        <line num="45" type="stmt" count="0"/>
        <line num="47" type="stmt" count="0"/>
        <line num="48" type="stmt" count="0"/>
        <metrics loc="50" ncloc="46" classes="1" methods="2" coveredmethods="0" conditionals="0" coveredconditionals="0" statements="28" coveredstatements="0" elements="30" coveredelements="0"/>
      </file>
      <file name="/Users/michaelsharman/Documents/workspaces/learnosity-qti/src/Mappers/Learnosity/Import/ItemMapper.php">
        <class name="ItemMapper" namespace="Learnosity\Mappers\Learnosity\Import">
          <metrics methods="1" coveredmethods="0" conditionals="0" coveredconditionals="0" statements="2" coveredstatements="0" elements="3" coveredelements="0"/>
        </class>
        <line num="7" type="method" name="parse" crap="2" count="0"/>
        <line num="9" type="stmt" count="0"/>
        <line num="10" type="stmt" count="0"/>
        <metrics loc="12" ncloc="12" classes="1" methods="1" coveredmethods="0" conditionals="0" coveredconditionals="0" statements="2" coveredstatements="0" elements="3" coveredelements="0"/>
      </file>
      <file name="/Users/michaelsharman/Documents/workspaces/learnosity-qti/src/Mappers/Learnosity/Import/QuestionMapper.php">
        <class name="QuestionMapper" namespace="Learnosity\Mappers\Learnosity\Import">
          <metrics methods="1" coveredmethods="0" conditionals="0" coveredconditionals="0" statements="3" coveredstatements="0" elements="4" coveredelements="0"/>
        </class>
        <line num="10" type="method" name="parse" crap="2" count="0"/>
        <line num="15" type="stmt" count="0"/>
        <line num="18" type="stmt" count="0"/>
        <line num="19" type="stmt" count="0"/>
        <metrics loc="21" ncloc="14" classes="1" methods="1" coveredmethods="0" conditionals="0" coveredconditionals="0" statements="3" coveredstatements="0" elements="4" coveredelements="0"/>
      </file>
    </package>
    <package name="Learnosity\Mappers\QtiV2\Export">
      <file name="/Users/michaelsharman/Documents/workspaces/learnosity-qti/src/Mappers/QtiV2/Export/ItemWriter.php">
        <class name="ItemWriter" namespace="Learnosity\Mappers\QtiV2\Export">
          <metrics methods="2" coveredmethods="0" conditionals="0" coveredconditionals="0" statements="9" coveredstatements="0" elements="11" coveredelements="0"/>
        </class>
        <line num="11" type="method" name="convert" crap="6" count="0"/>
        <line num="14" type="stmt" count="0"/>
        <line num="23" type="method" name="getRelatedQuestions" crap="12" count="0"/>
        <line num="25" type="stmt" count="0"/>
        <line num="26" type="stmt" count="0"/>
        <line num="27" type="stmt" count="0"/>
        <line num="28" type="stmt" count="0"/>
        <line num="30" type="stmt" count="0"/>
        <line num="31" type="stmt" count="0"/>
        <line num="32" type="stmt" count="0"/>
        <line num="35" type="stmt" count="0"/>
        <metrics loc="37" ncloc="35" classes="1" methods="2" coveredmethods="0" conditionals="0" coveredconditionals="0" statements="9" coveredstatements="0" elements="11" coveredelements="0"/>
      </file>
    </package>
    <package name="Learnosity\Mappers\QtiV2\Import\Documentation">
      <file name="/Users/michaelsharman/Documents/workspaces/learnosity-qti/src/Mappers/QtiV2/Import/Documentation/AssessmentItemDocumentation.php">
        <class name="AssessmentItemDocumentation" namespace="Learnosity\Mappers\QtiV2\Import\Documentation">
          <metrics methods="1" coveredmethods="1" conditionals="0" coveredconditionals="0" statements="36" coveredstatements="36" elements="37" coveredelements="37"/>
        </class>
        <line num="7" type="method" name="getInteractionDocumentation" crap="1" count="1"/>
        <line num="11" type="stmt" count="1"/>
        <line num="12" type="stmt" count="1"/>
        <line num="13" type="stmt" count="1"/>
        <line num="14" type="stmt" count="1"/>
        <line num="15" type="stmt" count="1"/>
        <line num="16" type="stmt" count="1"/>
        <line num="17" type="stmt" count="1"/>
        <line num="18" type="stmt" count="1"/>
        <line num="19" type="stmt" count="1"/>
        <line num="20" type="stmt" count="1"/>
        <line num="21" type="stmt" count="1"/>
        <line num="22" type="stmt" count="1"/>
        <line num="23" type="stmt" count="1"/>
        <line num="24" type="stmt" count="1"/>
        <line num="25" type="stmt" count="1"/>
        <line num="26" type="stmt" count="1"/>
        <line num="27" type="stmt" count="1"/>
        <line num="28" type="stmt" count="1"/>
        <line num="29" type="stmt" count="1"/>
        <line num="32" type="stmt" count="1"/>
        <line num="33" type="stmt" count="1"/>
        <line num="34" type="stmt" count="1"/>
        <line num="35" type="stmt" count="1"/>
        <line num="36" type="stmt" count="1"/>
        <line num="37" type="stmt" count="1"/>
        <line num="38" type="stmt" count="1"/>
        <line num="39" type="stmt" count="1"/>
        <line num="40" type="stmt" count="1"/>
        <line num="41" type="stmt" count="1"/>
        <line num="42" type="stmt" count="1"/>
        <line num="43" type="stmt" count="1"/>
        <line num="44" type="stmt" count="1"/>
        <line num="45" type="stmt" count="1"/>
        <line num="46" type="stmt" count="1"/>
        <line num="47" type="stmt" count="1"/>
        <line num="48" type="stmt" count="1"/>
        <metrics loc="50" ncloc="50" classes="1" methods="1" coveredmethods="1" conditionals="0" coveredconditionals="0" statements="36" coveredstatements="36" elements="37" coveredelements="37"/>
      </file>
      <file name="/Users/michaelsharman/Documents/workspaces/learnosity-qti/src/Mappers/QtiV2/Import/Documentation/QtiDoc.php">
        <class name="QtiDoc" namespace="Learnosity\Mappers\QtiV2\Import\Documentation">
          <metrics methods="8" coveredmethods="7" conditionals="0" coveredconditionals="0" statements="33" coveredstatements="32" elements="41" coveredelements="39"/>
        </class>
        <line num="7" type="method" name="undefined" crap="2" count="0"/>
        <line num="9" type="stmt" count="0"/>
        <line num="12" type="method" name="none" crap="1" count="1"/>
        <line num="14" type="stmt" count="1"/>
        <line num="17" type="method" name="support" crap="1" count="1"/>
        <line num="19" type="stmt" count="1"/>
        <line num="22" type="method" name="partial" crap="1" count="1"/>
        <line num="24" type="stmt" count="1"/>
        <line num="27" type="method" name="defaultCommonInteractionAttributeRow" crap="1" count="1"/>
        <line num="30" type="stmt" count="1"/>
        <line num="31" type="stmt" count="1"/>
        <line num="32" type="stmt" count="1"/>
        <line num="33" type="stmt" count="1"/>
        <line num="34" type="stmt" count="1"/>
        <line num="35" type="stmt" count="1"/>
        <line num="36" type="stmt" count="1"/>
        <line num="37" type="stmt" count="1"/>
        <line num="40" type="method" name="defaultFlowStaticRow" crap="1" count="1"/>
        <line num="43" type="stmt" count="1"/>
        <line num="44" type="stmt" count="1"/>
        <line num="45" type="stmt" count="1"/>
        <line num="46" type="stmt" count="1"/>
        <line num="47" type="stmt" count="1"/>
        <line num="48" type="stmt" count="1"/>
        <line num="49" type="stmt" count="1"/>
        <line num="50" type="stmt" count="1"/>
        <line num="51" type="stmt" count="1"/>
        <line num="52" type="stmt" count="1"/>
        <line num="55" type="method" name="defaultBlockStaticRow" crap="1" count="1"/>
        <line num="58" type="stmt" count="1"/>
        <line num="59" type="stmt" count="1"/>
        <line num="60" type="stmt" count="1"/>
        <line num="61" type="stmt" count="1"/>
        <line num="62" type="stmt" count="1"/>
        <line num="63" type="stmt" count="1"/>
        <line num="64" type="stmt" count="1"/>
        <line num="65" type="stmt" count="1"/>
        <line num="68" type="method" name="row" crap="1" count="1"/>
        <line num="72" type="stmt" count="1"/>
        <line num="73" type="stmt" count="1"/>
        <line num="75" type="stmt" count="1"/>
        <metrics loc="77" ncloc="75" classes="1" methods="8" coveredmethods="7" conditionals="0" coveredconditionals="0" statements="33" coveredstatements="32" elements="41" coveredelements="39"/>
      </file>
      <file name="/Users/michaelsharman/Documents/workspaces/learnosity-qti/src/Mappers/QtiV2/Import/Documentation/SupportStatus.php">
        <class name="SupportStatus" namespace="Learnosity\Mappers\QtiV2\Import\Documentation">
          <metrics methods="0" coveredmethods="0" conditionals="0" coveredconditionals="0" statements="0" coveredstatements="0" elements="0" coveredelements="0"/>
        </class>
        <metrics loc="11" ncloc="11" classes="1" methods="0" coveredmethods="0" conditionals="0" coveredconditionals="0" statements="0" coveredstatements="0" elements="0" coveredelements="0"/>
      </file>
    </package>
    <file name="/Users/michaelsharman/Documents/workspaces/learnosity-qti/src/Mappers/QtiV2/Import/Documentation/InteractionDocumentationInterface.php">
      <metrics loc="8" ncloc="8" classes="0" methods="0" coveredmethods="0" conditionals="0" coveredconditionals="0" statements="0" coveredstatements="0" elements="0" coveredelements="0"/>
    </file>
    <package name="Learnosity\Mappers\QtiV2\Import\Documentation\Interactions">
      <file name="/Users/michaelsharman/Documents/workspaces/learnosity-qti/src/Mappers/QtiV2/Import/Documentation/Interactions/ChoiceInteractionDocumentation.php">
        <class name="ChoiceInteractionDocumentation" namespace="Learnosity\Mappers\QtiV2\Import\Documentation\Interactions">
          <metrics methods="1" coveredmethods="1" conditionals="0" coveredconditionals="0" statements="25" coveredstatements="25" elements="26" coveredelements="26"/>
        </class>
        <line num="11" type="method" name="getInteractionDocumentation" crap="1" count="1"/>
        <line num="13" type="stmt" count="1"/>
        <line num="14" type="stmt" count="1"/>
        <line num="21" type="stmt" count="1"/>
        <line num="23" type="stmt" count="1"/>
        <line num="24" type="stmt" count="1"/>
        <line num="25" type="stmt" count="1"/>
        <line num="26" type="stmt" count="1"/>
        <line num="27" type="stmt" count="1"/>
        <line num="28" type="stmt" count="1"/>
        <line num="30" type="stmt" count="1"/>
        <line num="31" type="stmt" count="1"/>
        <line num="32" type="stmt" count="1"/>
        <line num="35" type="stmt" count="1"/>
        <line num="37" type="stmt" count="1"/>
        <line num="38" type="stmt" count="1"/>
        <line num="39" type="stmt" count="1"/>
        <line num="40" type="stmt" count="1"/>
        <line num="41" type="stmt" count="1"/>
        <line num="42" type="stmt" count="1"/>
        <line num="43" type="stmt" count="1"/>
        <line num="44" type="stmt" count="1"/>
        <line num="46" type="stmt" count="1"/>
        <line num="47" type="stmt" count="1"/>
        <line num="48" type="stmt" count="1"/>
        <line num="49" type="stmt" count="1"/>
        <metrics loc="51" ncloc="49" classes="1" methods="1" coveredmethods="1" conditionals="0" coveredconditionals="0" statements="25" coveredstatements="25" elements="26" coveredelements="26"/>
      </file>
      <file name="/Users/michaelsharman/Documents/workspaces/learnosity-qti/src/Mappers/QtiV2/Import/Documentation/Interactions/ExtendedTextInteractionDocumentation.php">
        <class name="ExtendedTextInteractionDocumentation" namespace="Learnosity\Mappers\QtiV2\Import\Documentation\Interactions">
          <metrics methods="1" coveredmethods="1" conditionals="0" coveredconditionals="0" statements="18" coveredstatements="18" elements="19" coveredelements="19"/>
        </class>
        <line num="10" type="method" name="getInteractionDocumentation" crap="1" count="1"/>
        <line num="12" type="stmt" count="1"/>
        <line num="13" type="stmt" count="1"/>
        <line num="18" type="stmt" count="1"/>
        <line num="20" type="stmt" count="1"/>
        <line num="21" type="stmt" count="1"/>
        <line num="22" type="stmt" count="1"/>
        <line num="24" type="stmt" count="1"/>
        <line num="25" type="stmt" count="1"/>
        <line num="26" type="stmt" count="1"/>
        <line num="27" type="stmt" count="1"/>
        <line num="28" type="stmt" count="1"/>
        <line num="29" type="stmt" count="1"/>
        <line num="30" type="stmt" count="1"/>
        <line num="31" type="stmt" count="1"/>
        <line num="32" type="stmt" count="1"/>
        <line num="33" type="stmt" count="1"/>
        <line num="34" type="stmt" count="1"/>
        <line num="35" type="stmt" count="1"/>
        <metrics loc="38" ncloc="38" classes="1" methods="1" coveredmethods="1" conditionals="0" coveredconditionals="0" statements="18" coveredstatements="18" elements="19" coveredelements="19"/>
      </file>
      <file name="/Users/michaelsharman/Documents/workspaces/learnosity-qti/src/Mappers/QtiV2/Import/Documentation/Interactions/HottextInteractionDocumentation.php">
        <class name="HottextInteractionDocumentation" namespace="Learnosity\Mappers\QtiV2\Import\Documentation\Interactions">
          <metrics methods="1" coveredmethods="1" conditionals="0" coveredconditionals="0" statements="10" coveredstatements="10" elements="11" coveredelements="11"/>
        </class>
        <line num="10" type="method" name="getInteractionDocumentation" crap="1" count="1"/>
        <line num="12" type="stmt" count="1"/>
        <line num="13" type="stmt" count="1"/>
        <line num="20" type="stmt" count="1"/>
        <line num="22" type="stmt" count="1"/>
        <line num="23" type="stmt" count="1"/>
        <line num="24" type="stmt" count="1"/>
        <line num="25" type="stmt" count="1"/>
        <line num="26" type="stmt" count="1"/>
        <line num="27" type="stmt" count="1"/>
        <line num="28" type="stmt" count="1"/>
        <metrics loc="30" ncloc="30" classes="1" methods="1" coveredmethods="1" conditionals="0" coveredconditionals="0" statements="10" coveredstatements="10" elements="11" coveredelements="11"/>
      </file>
      <file name="/Users/michaelsharman/Documents/workspaces/learnosity-qti/src/Mappers/QtiV2/Import/Documentation/Interactions/InlineChoiceInteractionDocumentation.php">
        <class name="InlineChoiceInteractionDocumentation" namespace="Learnosity\Mappers\QtiV2\Import\Documentation\Interactions">
          <metrics methods="1" coveredmethods="1" conditionals="0" coveredconditionals="0" statements="20" coveredstatements="20" elements="21" coveredelements="21"/>
        </class>
        <line num="10" type="method" name="getInteractionDocumentation" crap="1" count="1"/>
        <line num="12" type="stmt" count="1"/>
        <line num="13" type="stmt" count="1"/>
        <line num="20" type="stmt" count="1"/>
        <line num="22" type="stmt" count="1"/>
        <line num="23" type="stmt" count="1"/>
        <line num="24" type="stmt" count="1"/>
        <line num="27" type="stmt" count="1"/>
        <line num="29" type="stmt" count="1"/>
        <line num="30" type="stmt" count="1"/>
        <line num="31" type="stmt" count="1"/>
        <line num="32" type="stmt" count="1"/>
        <line num="33" type="stmt" count="1"/>
        <line num="34" type="stmt" count="1"/>
        <line num="35" type="stmt" count="1"/>
        <line num="36" type="stmt" count="1"/>
        <line num="37" type="stmt" count="1"/>
        <line num="38" type="stmt" count="1"/>
        <line num="39" type="stmt" count="1"/>
        <line num="40" type="stmt" count="1"/>
        <line num="41" type="stmt" count="1"/>
        <metrics loc="43" ncloc="43" classes="1" methods="1" coveredmethods="1" conditionals="0" coveredconditionals="0" statements="20" coveredstatements="20" elements="21" coveredelements="21"/>
      </file>
      <file name="/Users/michaelsharman/Documents/workspaces/learnosity-qti/src/Mappers/QtiV2/Import/Documentation/Interactions/MatchInteractionDocumentation.php">
        <class name="MatchInteractionDocumentation" namespace="Learnosity\Mappers\QtiV2\Import\Documentation\Interactions">
          <metrics methods="1" coveredmethods="1" conditionals="0" coveredconditionals="0" statements="26" coveredstatements="26" elements="27" coveredelements="27"/>
        </class>
        <line num="12" type="method" name="getInteractionDocumentation" crap="1" count="1"/>
        <line num="14" type="stmt" count="1"/>
        <line num="15" type="stmt" count="1"/>
        <line num="22" type="stmt" count="1"/>
        <line num="24" type="stmt" count="1"/>
        <line num="25" type="stmt" count="1"/>
        <line num="26" type="stmt" count="1"/>
        <line num="27" type="stmt" count="1"/>
        <line num="28" type="stmt" count="1"/>
        <line num="32" type="stmt" count="1"/>
        <line num="33" type="stmt" count="1"/>
        <line num="34" type="stmt" count="1"/>
        <line num="35" type="stmt" count="1"/>
        <line num="36" type="stmt" count="1"/>
        <line num="37" type="stmt" count="1"/>
        <line num="38" type="stmt" count="1"/>
        <line num="39" type="stmt" count="1"/>
        <line num="40" type="stmt" count="1"/>
        <line num="41" type="stmt" count="1"/>
        <line num="42" type="stmt" count="1"/>
        <line num="43" type="stmt" count="1"/>
        <line num="44" type="stmt" count="1"/>
        <line num="45" type="stmt" count="1"/>
        <line num="46" type="stmt" count="1"/>
        <line num="47" type="stmt" count="1"/>
        <line num="48" type="stmt" count="1"/>
        <line num="49" type="stmt" count="1"/>
        <metrics loc="51" ncloc="51" classes="1" methods="1" coveredmethods="1" conditionals="0" coveredconditionals="0" statements="26" coveredstatements="26" elements="27" coveredelements="27"/>
      </file>
      <file name="/Users/michaelsharman/Documents/workspaces/learnosity-qti/src/Mappers/QtiV2/Import/Documentation/Interactions/TextEntryInteractionDocumentation.php">
        <class name="TextEntryInteractionDocumentation" namespace="Learnosity\Mappers\QtiV2\Import\Documentation\Interactions">
          <metrics methods="1" coveredmethods="1" conditionals="0" coveredconditionals="0" statements="12" coveredstatements="12" elements="13" coveredelements="13"/>
        </class>
        <line num="10" type="method" name="getInteractionDocumentation" crap="1" count="1"/>
        <line num="12" type="stmt" count="1"/>
        <line num="13" type="stmt" count="1"/>
        <line num="20" type="stmt" count="1"/>
        <line num="22" type="stmt" count="1"/>
        <line num="23" type="stmt" count="1"/>
        <line num="24" type="stmt" count="1"/>
        <line num="25" type="stmt" count="1"/>
        <line num="26" type="stmt" count="1"/>
        <line num="27" type="stmt" count="1"/>
        <line num="28" type="stmt" count="1"/>
        <line num="29" type="stmt" count="1"/>
        <line num="30" type="stmt" count="1"/>
        <metrics loc="32" ncloc="32" classes="1" methods="1" coveredmethods="1" conditionals="0" coveredconditionals="0" statements="12" coveredstatements="12" elements="13" coveredelements="13"/>
      </file>
    </package>
    <package name="Learnosity\Mappers\QtiV2\Import\Interactions">
      <file name="/Users/michaelsharman/Documents/workspaces/learnosity-qti/src/Mappers/QtiV2/Import/Interactions/AbstractInteraction.php">
        <class name="AbstractInteraction" namespace="Learnosity\Mappers\QtiV2\Import\Interactions">
          <metrics methods="3" coveredmethods="3" conditionals="0" coveredconditionals="0" statements="10" coveredstatements="10" elements="13" coveredelements="13"/>
        </class>
        <line num="18" type="method" name="__construct" crap="1" count="35"/>
        <line num="20" type="stmt" count="35"/>
        <line num="21" type="stmt" count="35"/>
        <line num="22" type="stmt" count="35"/>
        <line num="23" type="stmt" count="35"/>
        <line num="24" type="stmt" count="35"/>
        <line num="29" type="method" name="getExceptions" crap="1" count="12"/>
        <line num="31" type="stmt" count="12"/>
        <line num="34" type="method" name="getPrompt" crap="2" count="4"/>
        <line num="35" type="stmt" count="4"/>
        <line num="36" type="stmt" count="1"/>
        <line num="37" type="stmt" count="1"/>
        <line num="39" type="stmt" count="3"/>
        <metrics loc="41" ncloc="39" classes="1" methods="3" coveredmethods="3" conditionals="0" coveredconditionals="0" statements="10" coveredstatements="10" elements="13" coveredelements="13"/>
      </file>
      <file name="/Users/michaelsharman/Documents/workspaces/learnosity-qti/src/Mappers/QtiV2/Import/Interactions/ChoiceInteraction.php">
        <class name="ChoiceInteraction" namespace="Learnosity\Mappers\QtiV2\Import\Interactions">
          <metrics methods="3" coveredmethods="2" conditionals="0" coveredconditionals="0" statements="61" coveredstatements="59" elements="64" coveredelements="61"/>
        </class>
        <line num="21" type="method" name="getQuestionType" crap="7" count="11"/>
        <line num="24" type="stmt" count="11"/>
        <line num="26" type="stmt" count="11"/>
        <line num="27" type="stmt" count="11"/>
        <line num="30" type="stmt" count="11"/>
        <line num="33" type="stmt" count="11"/>
        <line num="34" type="stmt" count="11"/>
        <line num="35" type="stmt" count="1"/>
        <line num="36" type="stmt" count="1"/>
        <line num="37" type="stmt" count="1"/>
        <line num="38" type="stmt" count="1"/>
        <line num="41" type="stmt" count="11"/>
        <line num="42" type="stmt" count="3"/>
        <line num="43" type="stmt" count="3"/>
        <line num="44" type="stmt" count="3"/>
        <line num="47" type="stmt" count="11"/>
        <line num="48" type="stmt" count="11"/>
        <line num="49" type="stmt" count="1"/>
        <line num="51" type="stmt" count="1"/>
        <line num="52" type="stmt" count="1"/>
        <line num="53" type="stmt" count="1"/>
        <line num="54" type="stmt" count="1"/>
        <line num="55" type="stmt" count="1"/>
        <line num="57" type="stmt" count="11"/>
        <line num="58" type="stmt" count="1"/>
        <line num="59" type="stmt" count="1"/>
        <line num="61" type="stmt" count="11"/>
        <line num="62" type="stmt" count="11"/>
        <line num="63" type="stmt" count="4"/>
        <line num="64" type="stmt" count="4"/>
        <line num="66" type="stmt" count="11"/>
        <line num="69" type="method" name="buildOptions" crap="2" count="11"/>
        <line num="72" type="stmt" count="11"/>
        <line num="73" type="stmt" count="11"/>
        <line num="77" type="stmt" count="11"/>
        <line num="78" type="stmt" count="11"/>
        <line num="79" type="stmt" count="11"/>
        <line num="80" type="stmt" count="11"/>
        <line num="81" type="stmt" count="11"/>
        <line num="82" type="stmt" count="11"/>
        <line num="85" type="method" name="buildValidation" crap="5.02" count="11"/>
        <line num="87" type="stmt" count="11"/>
        <line num="88" type="stmt" count="6"/>
        <line num="89" type="stmt" count="6"/>
        <line num="90" type="stmt" count="11"/>
        <line num="91" type="stmt" count="0"/>
        <line num="92" type="stmt" count="0"/>
        <line num="93" type="stmt" count="5"/>
        <line num="94" type="stmt" count="4"/>
        <line num="96" type="stmt" count="4"/>
        <line num="98" type="stmt" count="4"/>
        <line num="99" type="stmt" count="4"/>
        <line num="100" type="stmt" count="4"/>
        <line num="102" type="stmt" count="4"/>
        <line num="103" type="stmt" count="4"/>
        <line num="104" type="stmt" count="4"/>
        <line num="106" type="stmt" count="4"/>
        <line num="107" type="stmt" count="4"/>
        <line num="108" type="stmt" count="4"/>
        <line num="110" type="stmt" count="4"/>
        <line num="112" type="stmt" count="1"/>
        <line num="113" type="stmt" count="1"/>
        <line num="114" type="stmt" count="1"/>
        <line num="116" type="stmt" count="7"/>
        <metrics loc="117" ncloc="98" classes="1" methods="3" coveredmethods="2" conditionals="0" coveredconditionals="0" statements="61" coveredstatements="59" elements="64" coveredelements="61"/>
      </file>
      <file name="/Users/michaelsharman/Documents/workspaces/learnosity-qti/src/Mappers/QtiV2/Import/Interactions/ExtendedTextInteraction.php">
        <class name="ExtendedTextInteraction" namespace="Learnosity\Mappers\QtiV2\Import\Interactions">
          <metrics methods="1" coveredmethods="1" conditionals="0" coveredconditionals="0" statements="18" coveredstatements="18" elements="19" coveredelements="19"/>
        </class>
        <line num="12" type="method" name="getQuestionType" crap="5" count="5"/>
        <line num="15" type="stmt" count="5"/>
        <line num="16" type="stmt" count="5"/>
        <line num="18" type="stmt" count="5"/>
        <line num="19" type="stmt" count="5"/>
        <line num="21" type="stmt" count="5"/>
        <line num="22" type="stmt" count="5"/>
        <line num="23" type="stmt" count="5"/>
        <line num="24" type="stmt" count="5"/>
        <line num="26" type="stmt" count="5"/>
        <line num="27" type="stmt" count="1"/>
        <line num="28" type="stmt" count="1"/>
        <line num="34" type="stmt" count="5"/>
        <line num="35" type="stmt" count="5"/>
        <line num="36" type="stmt" count="5"/>
        <line num="37" type="stmt" count="5"/>
        <line num="38" type="stmt" count="5"/>
        <line num="39" type="stmt" count="5"/>
        <line num="41" type="stmt" count="5"/>
        <metrics loc="43" ncloc="38" classes="1" methods="1" coveredmethods="1" conditionals="0" coveredconditionals="0" statements="18" coveredstatements="18" elements="19" coveredelements="19"/>
      </file>
      <file name="/Users/michaelsharman/Documents/workspaces/learnosity-qti/src/Mappers/QtiV2/Import/Interactions/HottextInteraction.php">
        <class name="HottextInteraction" namespace="Learnosity\Mappers\QtiV2\Import\Interactions">
          <metrics methods="6" coveredmethods="5" conditionals="0" coveredconditionals="0" statements="72" coveredstatements="69" elements="78" coveredelements="74"/>
        </class>
        <line num="24" type="method" name="getQuestionType" crap="3" count="4"/>
        <line num="27" type="stmt" count="4"/>
        <line num="28" type="stmt" count="4"/>
        <line num="30" type="stmt" count="4"/>
        <line num="31" type="stmt" count="3"/>
        <line num="32" type="stmt" count="3"/>
        <line num="33" type="stmt" count="3"/>
        <line num="35" type="stmt" count="4"/>
        <line num="37" type="stmt" count="4"/>
        <line num="38" type="stmt" count="4"/>
        <line num="39" type="stmt" count="3"/>
        <line num="40" type="stmt" count="3"/>
        <line num="41" type="stmt" count="4"/>
        <line num="44" type="method" name="buildTemplate" crap="3" count="4"/>
        <line num="46" type="stmt" count="4"/>
        <line num="47" type="stmt" count="4"/>
        <line num="49" type="stmt" count="4"/>
        <line num="51" type="stmt" count="4"/>
        <line num="52" type="stmt" count="4"/>
        <line num="53" type="stmt" count="4"/>
        <line num="54" type="stmt" count="4"/>
        <line num="55" type="stmt" count="4"/>
        <line num="56" type="stmt" count="4"/>
        <line num="57" type="stmt" count="4"/>
        <line num="58" type="stmt" count="4"/>
        <line num="59" type="stmt" count="4"/>
        <line num="60" type="stmt" count="4"/>
        <line num="63" type="method" name="buildValidation" crap="5.39" count="4"/>
        <line num="65" type="stmt" count="4"/>
        <line num="66" type="stmt" count="4"/>
        <line num="68" type="stmt" count="4"/>
        <line num="69" type="stmt" count="3"/>
        <line num="70" type="stmt" count="3"/>
        <line num="71" type="stmt" count="2"/>
        <line num="72" type="stmt" count="1"/>
        <line num="73" type="stmt" count="1"/>
        <line num="75" type="stmt" count="0"/>
        <line num="76" type="stmt" count="0"/>
        <line num="78" type="stmt" count="0"/>
        <line num="79" type="stmt" count="1"/>
        <line num="82" type="method" name="buildMatchCorrectValidation" crap="2" count="2"/>
        <line num="85" type="stmt" count="2"/>
        <line num="86" type="stmt" count="2"/>
        <line num="88" type="stmt" count="2"/>
        <line num="89" type="stmt" count="2"/>
        <line num="91" type="stmt" count="2"/>
        <line num="92" type="stmt" count="2"/>
        <line num="93" type="stmt" count="2"/>
        <line num="95" type="stmt" count="2"/>
        <line num="96" type="stmt" count="2"/>
        <line num="97" type="stmt" count="2"/>
        <line num="98" type="stmt" count="2"/>
        <line num="99" type="stmt" count="2"/>
        <line num="100" type="stmt" count="2"/>
        <line num="102" type="stmt" count="2"/>
        <line num="105" type="method" name="buildMapResponseValidation" crap="8" count="4"/>
        <line num="108" type="stmt" count="1"/>
        <line num="109" type="stmt" count="1"/>
        <line num="111" type="stmt" count="1"/>
        <line num="112" type="stmt" count="1"/>
        <line num="114" type="stmt" count="1"/>
        <line num="115" type="stmt" count="1"/>
        <line num="116" type="stmt" count="1"/>
        <line num="117" type="stmt" count="1"/>
        <line num="118" type="stmt" count="1"/>
        <line num="120" type="stmt" count="1"/>
        <line num="121" type="stmt" count="4"/>
        <line num="122" type="stmt" count="1"/>
        <line num="123" type="stmt" count="4"/>
        <line num="124" type="stmt" count="1"/>
        <line num="125" type="stmt" count="1"/>
        <line num="126" type="stmt" count="1"/>
        <line num="127" type="stmt" count="1"/>
        <line num="128" type="stmt" count="1"/>
        <line num="129" type="stmt" count="1"/>
        <line num="130" type="method" name="anonymous function" crap="1" count="1"/>
        <line num="131" type="stmt" count="1"/>
        <line num="132" type="stmt" count="1"/>
        <line num="134" type="stmt" count="1"/>
        <line num="135" type="stmt" count="1"/>
        <line num="137" type="stmt" count="1"/>
        <line num="139" type="stmt" count="1"/>
        <line num="140" type="stmt" count="1"/>
        <line num="141" type="stmt" count="1"/>
        <line num="142" type="stmt" count="1"/>
        <line num="143" type="stmt" count="1"/>
        <line num="144" type="stmt" count="1"/>
        <line num="146" type="stmt" count="1"/>
        <line num="147" type="stmt" count="1"/>
        <line num="148" type="stmt" count="1"/>
        <line num="149" type="stmt" count="1"/>
        <line num="151" type="stmt" count="1"/>
        <line num="153" type="stmt" count="1"/>
        <line num="154" type="stmt" count="1"/>
        <line num="155" type="stmt" count="1"/>
        <line num="157" type="stmt" count="1"/>
        <metrics loc="159" ncloc="151" classes="1" methods="6" coveredmethods="5" conditionals="0" coveredconditionals="0" statements="90" coveredstatements="87" elements="96" coveredelements="92"/>
      </file>
      <file name="/Users/michaelsharman/Documents/workspaces/learnosity-qti/src/Mappers/QtiV2/Import/Interactions/InlineChoiceInteraction.php">
        <class name="InlineChoiceInteraction" namespace="Learnosity\Mappers\QtiV2\Import\Interactions">
          <metrics methods="2" coveredmethods="2" conditionals="0" coveredconditionals="0" statements="30" coveredstatements="30" elements="32" coveredelements="32"/>
        </class>
        <line num="16" type="method" name="getQuestionType" crap="4" count="5"/>
        <line num="19" type="stmt" count="5"/>
        <line num="20" type="stmt" count="5"/>
        <line num="22" type="stmt" count="5"/>
        <line num="23" type="stmt" count="5"/>
        <line num="24" type="stmt" count="5"/>
        <line num="26" type="stmt" count="5"/>
        <line num="27" type="stmt" count="5"/>
        <line num="28" type="stmt" count="5"/>
        <line num="29" type="stmt" count="5"/>
        <line num="30" type="stmt" count="5"/>
        <line num="31" type="stmt" count="5"/>
        <line num="32" type="stmt" count="5"/>
        <line num="33" type="stmt" count="5"/>
        <line num="34" type="stmt" count="3"/>
        <line num="35" type="stmt" count="3"/>
        <line num="36" type="stmt" count="5"/>
        <line num="37" type="stmt" count="5"/>
        <line num="38" type="stmt" count="5"/>
        <line num="39" type="stmt" count="1"/>
        <line num="40" type="stmt" count="1"/>
        <line num="41" type="stmt" count="1"/>
        <line num="43" type="stmt" count="5"/>
        <line num="44" type="stmt" count="5"/>
        <line num="47" type="method" name="validateInteraction" crap="3" count="5"/>
        <line num="49" type="stmt" count="5"/>
        <line num="50" type="stmt" count="1"/>
        <line num="51" type="stmt" count="1"/>
        <line num="52" type="stmt" count="5"/>
        <line num="53" type="stmt" count="1"/>
        <line num="54" type="stmt" count="1"/>
        <line num="55" type="stmt" count="5"/>
        <metrics loc="57" ncloc="56" classes="1" methods="2" coveredmethods="2" conditionals="0" coveredconditionals="0" statements="30" coveredstatements="30" elements="32" coveredelements="32"/>
      </file>
      <file name="/Users/michaelsharman/Documents/workspaces/learnosity-qti/src/Mappers/QtiV2/Import/Interactions/MatchInteraction.php">
        <class name="MatchInteraction" namespace="Learnosity\Mappers\QtiV2\Import\Interactions">
          <metrics methods="4" coveredmethods="1" conditionals="0" coveredconditionals="0" statements="97" coveredstatements="81" elements="101" coveredelements="82"/>
        </class>
        <line num="24" type="method" name="getQuestionType" crap="4" count="4"/>
        <line num="27" type="stmt" count="4"/>
        <line num="28" type="stmt" count="4"/>
        <line num="29" type="stmt" count="0"/>
        <line num="31" type="stmt" count="4"/>
        <line num="33" type="stmt" count="4"/>
        <line num="34" type="stmt" count="4"/>
        <line num="35" type="stmt" count="4"/>
        <line num="36" type="stmt" count="4"/>
        <line num="37" type="stmt" count="4"/>
        <line num="39" type="stmt" count="4"/>
        <line num="40" type="stmt" count="2"/>
        <line num="41" type="stmt" count="2"/>
        <line num="42" type="stmt" count="2"/>
        <line num="43" type="stmt" count="2"/>
        <line num="46" type="stmt" count="4"/>
        <line num="47" type="stmt" count="4"/>
        <line num="49" type="stmt" count="4"/>
        <line num="50" type="stmt" count="4"/>
        <line num="51" type="stmt" count="4"/>
        <line num="52" type="stmt" count="4"/>
        <line num="53" type="stmt" count="4"/>
        <line num="54" type="stmt" count="4"/>
        <line num="55" type="stmt" count="4"/>
        <line num="58" type="method" name="validate" crap="3.33" count="4"/>
        <line num="60" type="stmt" count="4"/>
        <line num="61" type="stmt" count="1"/>
        <line num="62" type="stmt" count="1"/>
        <line num="64" type="stmt" count="4"/>
        <line num="65" type="stmt" count="4"/>
        <line num="66" type="stmt" count="0"/>
        <line num="67" type="stmt" count="0"/>
        <line num="68" type="stmt" count="0"/>
        <line num="71" type="stmt" count="4"/>
        <line num="74" type="method" name="buildOptions" crap="2" count="4"/>
        <line num="76" type="stmt" count="4"/>
        <line num="77" type="stmt" count="4"/>
        <line num="79" type="stmt" count="4"/>
        <line num="80" type="stmt" count="4"/>
        <line num="81" type="stmt" count="4"/>
        <line num="82" type="stmt" count="4"/>
        <line num="83" type="stmt" count="4"/>
        <line num="85" type="stmt" count="4"/>
        <line num="88" type="method" name="buildValidation" crap="17.10" count="4"/>
        <line num="90" type="stmt" count="4"/>
        <line num="93" type="stmt" count="4"/>
        <line num="95" type="stmt" count="4"/>
        <line num="96" type="stmt" count="0"/>
        <line num="97" type="stmt" count="0"/>
        <line num="98" type="stmt" count="0"/>
        <line num="99" type="stmt" count="0"/>
        <line num="101" type="stmt" count="4"/>
        <line num="102" type="stmt" count="4"/>
        <line num="103" type="stmt" count="2"/>
        <line num="104" type="stmt" count="2"/>
        <line num="105" type="stmt" count="2"/>
        <line num="106" type="stmt" count="2"/>
        <line num="107" type="stmt" count="2"/>
        <line num="108" type="stmt" count="2"/>
        <line num="109" type="stmt" count="2"/>
        <line num="110" type="stmt" count="2"/>
        <line num="112" type="stmt" count="2"/>
        <line num="113" type="stmt" count="2"/>
        <line num="115" type="stmt" count="2"/>
        <line num="116" type="stmt" count="2"/>
        <line num="117" type="stmt" count="2"/>
        <line num="118" type="stmt" count="2"/>
        <line num="119" type="stmt" count="2"/>
        <line num="120" type="stmt" count="2"/>
        <line num="121" type="stmt" count="0"/>
        <line num="122" type="stmt" count="0"/>
        <line num="123" type="stmt" count="0"/>
        <line num="124" type="stmt" count="0"/>
        <line num="125" type="stmt" count="0"/>
        <line num="126" type="stmt" count="4"/>
        <line num="129" type="stmt" count="4"/>
        <line num="130" type="stmt" count="4"/>
        <line num="131" type="stmt" count="4"/>
        <line num="132" type="stmt" count="4"/>
        <line num="134" type="stmt" count="4"/>
        <line num="135" type="stmt" count="0"/>
        <line num="136" type="stmt" count="0"/>
        <line num="137" type="stmt" count="0"/>
        <line num="140" type="stmt" count="4"/>
        <line num="141" type="stmt" count="4"/>
        <line num="143" type="stmt" count="4"/>
        <line num="145" type="stmt" count="4"/>
        <line num="146" type="stmt" count="4"/>
        <line num="147" type="stmt" count="4"/>
        <line num="149" type="stmt" count="4"/>
        <line num="150" type="stmt" count="2"/>
        <line num="151" type="stmt" count="2"/>
        <line num="152" type="stmt" count="4"/>
        <line num="153" type="stmt" count="4"/>
        <line num="155" type="stmt" count="4"/>
        <line num="156" type="stmt" count="4"/>
        <line num="157" type="stmt" count="4"/>
        <line num="159" type="stmt" count="4"/>
        <line num="160" type="stmt" count="4"/>
        <line num="161" type="stmt" count="4"/>
        <line num="163" type="stmt" count="4"/>
        <metrics loc="165" ncloc="155" classes="1" methods="4" coveredmethods="1" conditionals="0" coveredconditionals="0" statements="97" coveredstatements="81" elements="101" coveredelements="82"/>
      </file>
      <file name="/Users/michaelsharman/Documents/workspaces/learnosity-qti/src/Mappers/QtiV2/Import/Interactions/TextEntryInteraction.php">
        <class name="TextEntryInteraction" namespace="Learnosity\Mappers\QtiV2\Import\Interactions">
          <metrics methods="2" coveredmethods="1" conditionals="0" coveredconditionals="0" statements="49" coveredstatements="44" elements="51" coveredelements="45"/>
        </class>
        <line num="14" type="method" name="getQuestionType" crap="3" count="8"/>
        <line num="16" type="stmt" count="8"/>
        <line num="17" type="stmt" count="8"/>
        <line num="18" type="stmt" count="8"/>
        <line num="19" type="stmt" count="1"/>
        <line num="20" type="stmt" count="1"/>
        <line num="21" type="stmt" count="1"/>
        <line num="22" type="stmt" count="8"/>
        <line num="23" type="stmt" count="8"/>
        <line num="24" type="stmt" count="8"/>
        <line num="25" type="stmt" count="3"/>
        <line num="26" type="stmt" count="3"/>
        <line num="27" type="stmt" count="8"/>
        <line num="28" type="stmt" count="8"/>
        <line num="31" type="method" name="buildValidation" crap="9.22" count="8"/>
        <line num="33" type="stmt" count="8"/>
        <line num="34" type="stmt" count="8"/>
        <line num="35" type="stmt" count="8"/>
        <line num="36" type="stmt" count="5"/>
        <line num="37" type="stmt" count="5"/>
        <line num="38" type="stmt" count="5"/>
        <line num="39" type="stmt" count="5"/>
        <line num="41" type="stmt" count="3"/>
        <line num="42" type="stmt" count="3"/>
        <line num="44" type="stmt" count="2"/>
        <line num="46" type="stmt" count="2"/>
        <line num="47" type="stmt" count="2"/>
        <line num="48" type="stmt" count="2"/>
        <line num="49" type="stmt" count="2"/>
        <line num="50" type="stmt" count="1"/>
        <line num="51" type="stmt" count="1"/>
        <line num="53" type="stmt" count="1"/>
        <line num="54" type="stmt" count="1"/>
        <line num="55" type="stmt" count="1"/>
        <line num="56" type="stmt" count="1"/>
        <line num="57" type="stmt" count="1"/>
        <line num="58" type="stmt" count="1"/>
        <line num="59" type="stmt" count="1"/>
        <line num="60" type="stmt" count="1"/>
        <line num="61" type="stmt" count="1"/>
        <line num="62" type="stmt" count="1"/>
        <line num="64" type="stmt" count="1"/>
        <line num="65" type="stmt" count="1"/>
        <line num="66" type="stmt" count="0"/>
        <line num="67" type="stmt" count="0"/>
        <line num="68" type="stmt" count="0"/>
        <line num="69" type="stmt" count="0"/>
        <line num="70" type="stmt" count="0"/>
        <line num="71" type="stmt" count="3"/>
        <line num="73" type="stmt" count="3"/>
        <line num="74" type="stmt" count="3"/>
        <metrics loc="76" ncloc="72" classes="1" methods="2" coveredmethods="1" conditionals="0" coveredconditionals="0" statements="49" coveredstatements="44" elements="51" coveredelements="45"/>
      </file>
    </package>
    <package name="Learnosity\Mappers\QtiV2\Import">
      <file name="/Users/michaelsharman/Documents/workspaces/learnosity-qti/src/Mappers/QtiV2/Import/ItemBuilderFactory.php">
        <class name="ItemBuilderFactory" namespace="Learnosity\Mappers\QtiV2\Import">
          <metrics methods="2" coveredmethods="2" conditionals="0" coveredconditionals="0" statements="7" coveredstatements="7" elements="9" coveredelements="9"/>
        </class>
        <line num="12" type="method" name="getItemBuilder" crap="3" count="7"/>
        <line num="14" type="stmt" count="7"/>
        <line num="15" type="stmt" count="7"/>
        <line num="16" type="stmt" count="7"/>
        <line num="17" type="stmt" count="1"/>
        <line num="19" type="stmt" count="6"/>
        <line num="25" type="method" name="anonymous function" crap="1" count="7"/>
        <line num="27" type="stmt" count="7"/>
        <line num="28" type="stmt" count="7"/>
        <line num="30" type="stmt" count="7"/>
        <metrics loc="32" ncloc="29" classes="1" methods="2" coveredmethods="2" conditionals="0" coveredconditionals="0" statements="8" coveredstatements="8" elements="10" coveredelements="10"/>
      </file>
      <file name="/Users/michaelsharman/Documents/workspaces/learnosity-qti/src/Mappers/QtiV2/Import/ItemMapper.php">
        <class name="ItemMapper" namespace="Learnosity\Mappers\QtiV2\Import">
          <metrics methods="8" coveredmethods="4" conditionals="0" coveredconditionals="0" statements="98" coveredstatements="84" elements="106" coveredelements="88"/>
        </class>
        <line num="32" type="method" name="__construct" crap="1" count="11"/>
        <line num="34" type="stmt" count="11"/>
        <line num="35" type="stmt" count="11"/>
        <line num="37" type="method" name="getExceptions" crap="2" count="0"/>
        <line num="39" type="stmt" count="0"/>
        <line num="42" type="method" name="parse" crap="2.02" count="7"/>
        <line num="44" type="stmt" count="7"/>
        <line num="45" type="stmt" count="7"/>
        <line num="48" type="stmt" count="7"/>
        <line num="49" type="stmt" count="7"/>
        <line num="50" type="stmt" count="0"/>
        <line num="52" type="stmt" count="7"/>
        <line num="55" type="method" name="parseWithAssessmentItemComponent" crap="7" count="11"/>
        <line num="57" type="stmt" count="11"/>
        <line num="58" type="stmt" count="11"/>
        <line num="61" type="stmt" count="11"/>
        <line num="62" type="stmt" count="11"/>
        <line num="65" type="stmt" count="11"/>
        <line num="66" type="stmt" count="11"/>
        <line num="67" type="stmt" count="1"/>
        <line num="68" type="stmt" count="1"/>
        <line num="69" type="stmt" count="1"/>
        <line num="71" type="stmt" count="10"/>
        <line num="73" type="stmt" count="10"/>
        <line num="74" type="stmt" count="10"/>
        <line num="75" type="stmt" count="10"/>
        <line num="76" type="stmt" count="10"/>
        <line num="77" type="stmt" count="10"/>
        <line num="78" type="stmt" count="10"/>
        <line num="80" type="stmt" count="10"/>
        <line num="81" type="stmt" count="10"/>
        <line num="82" type="stmt" count="10"/>
        <line num="83" type="stmt" count="10"/>
        <line num="84" type="stmt" count="10"/>
        <line num="85" type="stmt" count="10"/>
        <line num="88" type="stmt" count="10"/>
        <line num="89" type="stmt" count="10"/>
        <line num="91" type="stmt" count="2"/>
        <line num="93" type="stmt" count="2"/>
        <line num="94" type="stmt" count="2"/>
        <line num="95" type="stmt" count="2"/>
        <line num="96" type="stmt" count="2"/>
        <line num="97" type="stmt" count="2"/>
        <line num="98" type="stmt" count="2"/>
        <line num="99" type="stmt" count="10"/>
        <line num="102" type="method" name="filterItemBody" crap="6" count="11"/>
        <line num="105" type="stmt" count="11"/>
        <line num="106" type="stmt" count="11"/>
        <line num="107" type="stmt" count="2"/>
        <line num="108" type="stmt" count="2"/>
        <line num="109" type="stmt" count="2"/>
        <line num="110" type="stmt" count="2"/>
        <line num="111" type="stmt" count="2"/>
        <line num="112" type="stmt" count="2"/>
        <line num="113" type="stmt" count="11"/>
        <line num="116" type="stmt" count="11"/>
        <line num="117" type="stmt" count="11"/>
        <line num="119" type="stmt" count="11"/>
        <line num="121" type="stmt" count="11"/>
        <line num="122" type="stmt" count="11"/>
        <line num="123" type="stmt" count="11"/>
        <line num="124" type="stmt" count="11"/>
        <line num="125" type="stmt" count="1"/>
        <line num="127" type="stmt" count="11"/>
        <line num="128" type="stmt" count="11"/>
        <line num="129" type="stmt" count="1"/>
        <line num="130" type="stmt" count="1"/>
        <line num="131" type="stmt" count="11"/>
        <line num="132" type="stmt" count="11"/>
        <line num="135" type="method" name="getExceptionMessages" crap="2" count="11"/>
        <line num="137" type="stmt" count="11"/>
[...]
        <line num="70" type="stmt" count="10"/>
        <line num="71" type="stmt" count="10"/>
        <line num="72" type="stmt" count="10"/>
        <line num="75" type="method" name="getItemContent" crap="1" count="2"/>
        <line num="77" type="stmt" count="2"/>
        <line num="80" type="method" name="buildValidation" crap="13.08" count="10"/>
        <line num="82" type="stmt" count="10"/>
        <line num="83" type="stmt" count="10"/>
        <line num="84" type="stmt" count="10"/>
        <line num="85" type="stmt" count="5"/>
        <line num="86" type="stmt" count="5"/>
        <line num="87" type="stmt" count="5"/>
        <line num="88" type="stmt" count="5"/>
        <line num="90" type="stmt" count="5"/>
        <line num="91" type="stmt" count="5"/>
        <line num="92" type="stmt" count="0"/>
        <line num="93" type="stmt" count="0"/>
        <line num="94" type="stmt" count="0"/>
        <line num="95" type="stmt" count="0"/>
        <line num="97" type="stmt" count="5"/>
        <line num="98" type="stmt" count="5"/>
        <line num="99" type="stmt" count="2"/>
        <line num="100" type="stmt" count="2"/>
        <line num="102" type="stmt" count="2"/>
        <line num="103" type="stmt" count="2"/>
        <line num="104" type="stmt" count="2"/>
        <line num="105" type="stmt" count="2"/>
        <line num="106" type="stmt" count="2"/>
        <line num="107" type="stmt" count="2"/>
        <line num="108" type="stmt" count="3"/>
        <line num="109" type="stmt" count="3"/>
        <line num="111" type="stmt" count="3"/>
        <line num="112" type="stmt" count="3"/>
        <line num="113" type="stmt" count="3"/>
        <line num="115" type="stmt" count="3"/>
        <line num="116" type="stmt" count="3"/>
        <line num="117" type="stmt" count="3"/>
        <line num="118" type="stmt" count="3"/>
        <line num="119" type="stmt" count="3"/>
        <line num="120" type="stmt" count="3"/>
        <line num="121" type="stmt" count="10"/>
        <line num="122" type="stmt" count="3"/>
        <line num="123" type="stmt" count="10"/>
        <line num="124" type="stmt" count="0"/>
        <line num="125" type="stmt" count="0"/>
        <line num="126" type="stmt" count="0"/>
        <line num="127" type="stmt" count="0"/>
        <line num="129" type="stmt" count="5"/>
        <line num="130" type="stmt" count="5"/>
        <line num="132" type="stmt" count="5"/>
        <line num="133" type="stmt" count="0"/>
        <line num="136" type="stmt" count="5"/>
        <line num="138" type="method" name="anonymous function" crap="1" count="5"/>
        <line num="139" type="stmt" count="5"/>
        <line num="140" type="stmt" count="5"/>
        <line num="142" type="stmt" count="5"/>
        <line num="143" type="stmt" count="5"/>
        <metrics loc="145" ncloc="134" classes="1" methods="6" coveredmethods="5" conditionals="0" coveredconditionals="0" statements="86" coveredstatements="77" elements="92" coveredelements="82"/>
      </file>
    </package>
    <package name="Learnosity\Mappers\QtiV2\Import\Utils">
      <file name="/Users/michaelsharman/Documents/workspaces/learnosity-qti/src/Mappers/QtiV2/Import/Utils/QtiComponentUtil.php">
        <class name="QtiComponentUtil" namespace="Learnosity\Mappers\QtiV2\Import\Utils">
          <metrics methods="2" coveredmethods="2" conditionals="0" coveredconditionals="0" statements="13" coveredstatements="13" elements="15" coveredelements="15"/>
        </class>
        <line num="11" type="method" name="marshallCollection" crap="2" count="44"/>
        <line num="13" type="stmt" count="44"/>
        <line num="14" type="stmt" count="44"/>
        <line num="15" type="stmt" count="44"/>
        <line num="16" type="stmt" count="44"/>
        <line num="17" type="stmt" count="44"/>
        <line num="20" type="method" name="marshall" crap="1" count="44"/>
        <line num="22" type="stmt" count="44"/>
        <line num="23" type="stmt" count="44"/>
        <line num="24" type="stmt" count="44"/>
        <line num="26" type="stmt" count="44"/>
        <line num="27" type="stmt" count="44"/>
        <line num="28" type="stmt" count="44"/>
        <line num="29" type="stmt" count="44"/>
        <line num="30" type="stmt" count="44"/>
        <metrics loc="32" ncloc="32" classes="1" methods="2" coveredmethods="2" conditionals="0" coveredconditionals="0" statements="13" coveredstatements="13" elements="15" coveredelements="15"/>
      </file>
    </package>
    <package name="Learnosity\Mappers\QtiV2\Import\Validation">
      <file name="/Users/michaelsharman/Documents/workspaces/learnosity-qti/src/Mappers/QtiV2/Import/Validation/InlineChoiceInteractionValidationBuilder.php">
        <class name="InlineChoiceInteractionValidationBuilder" namespace="Learnosity\Mappers\QtiV2\Import\Validation">
          <metrics methods="7" coveredmethods="7" conditionals="0" coveredconditionals="0" statements="71" coveredstatements="71" elements="78" coveredelements="78"/>
        </class>
        <line num="20" type="method" name="__construct" crap="5" count="10"/>
        <line num="26" type="stmt" count="10"/>
        <line num="27" type="stmt" count="8"/>
        <line num="28" type="stmt" count="8"/>
        <line num="29" type="stmt" count="4"/>
        <line num="30" type="stmt" count="8"/>
        <line num="31" type="stmt" count="3"/>
        <line num="32" type="stmt" count="3"/>
        <line num="33" type="stmt" count="1"/>
        <line num="34" type="stmt" count="1"/>
        <line num="36" type="stmt" count="8"/>
        <line num="37" type="stmt" count="10"/>
        <line num="39" type="method" name="buildMatchCorrectValidation" crap="7" count="4"/>
        <line num="42" type="stmt" count="4"/>
        <line num="43" type="stmt" count="4"/>
        <line num="44" type="stmt" count="4"/>
        <line num="45" type="stmt" count="4"/>
        <line num="46" type="stmt" count="4"/>
        <line num="47" type="stmt" count="4"/>
        <line num="48" type="stmt" count="4"/>
        <line num="49" type="stmt" count="4"/>
        <line num="50" type="stmt" count="4"/>
        <line num="53" type="stmt" count="4"/>
        <line num="56" type="stmt" count="4"/>
        <line num="57" type="stmt" count="4"/>
        <line num="58" type="stmt" count="4"/>
        <line num="59" type="stmt" count="4"/>
        <line num="62" type="stmt" count="4"/>
        <line num="63" type="stmt" count="4"/>
        <line num="64" type="stmt" count="3"/>
        <line num="65" type="stmt" count="3"/>
        <line num="66" type="stmt" count="3"/>
        <line num="67" type="stmt" count="3"/>
        <line num="68" type="stmt" count="4"/>
        <line num="70" type="stmt" count="4"/>
        <line num="71" type="stmt" count="4"/>
        <line num="72" type="stmt" count="4"/>
        <line num="74" type="stmt" count="4"/>
        <line num="75" type="stmt" count="3"/>
        <line num="76" type="stmt" count="3"/>
        <line num="78" type="stmt" count="4"/>
        <line num="81" type="method" name="buildMapResponseValidation" crap="10" count="3"/>
        <line num="87" type="stmt" count="3"/>
        <line num="89" type="stmt" count="3"/>
        <line num="90" type="stmt" count="3"/>
        <line num="91" type="stmt" count="3"/>
        <line num="93" type="stmt" count="3"/>
        <line num="94" type="stmt" count="3"/>
        <line num="95" type="stmt" count="3"/>
        <line num="97" type="stmt" count="3"/>
        <line num="99" type="stmt" count="3"/>
        <line num="100" type="stmt" count="2"/>
        <line num="101" type="stmt" count="2"/>
        <line num="102" type="stmt" count="3"/>
        <line num="103" type="stmt" count="3"/>
        <line num="104" type="stmt" count="3"/>
        <line num="107" type="stmt" count="3"/>
        <line num="108" type="stmt" count="3"/>
        <line num="109" type="stmt" count="3"/>
        <line num="110" type="stmt" count="3"/>
        <line num="111" type="stmt" count="3"/>
        <line num="112" type="stmt" count="3"/>
        <line num="113" type="stmt" count="3"/>
        <line num="114" type="stmt" count="3"/>
        <line num="115" type="stmt" count="3"/>
        <line num="116" type="stmt" count="3"/>
        <line num="117" type="stmt" count="3"/>
        <line num="119" type="stmt" count="3"/>
        <line num="120" type="stmt" count="3"/>
        <line num="123" type="method" name="anonymous function" crap="1" count="3"/>
        <line num="124" type="stmt" count="3"/>
        <line num="125" type="stmt" count="3"/>
        <line num="127" type="stmt" count="3"/>
        <line num="128" type="stmt" count="3"/>
        <line num="130" type="stmt" count="3"/>
        <line num="132" type="stmt" count="3"/>
        <line num="133" type="stmt" count="3"/>
        <line num="134" type="stmt" count="3"/>
        <line num="135" type="stmt" count="3"/>
        <line num="136" type="stmt" count="3"/>
        <line num="137" type="stmt" count="3"/>
        <line num="139" type="stmt" count="3"/>
        <line num="140" type="stmt" count="3"/>
        <line num="141" type="stmt" count="3"/>
        <line num="142" type="stmt" count="3"/>
        <line num="144" type="stmt" count="3"/>
        <line num="146" type="stmt" count="3"/>
        <line num="147" type="stmt" count="3"/>
        <line num="148" type="stmt" count="3"/>
        <line num="149" type="stmt" count="3"/>
        <line num="152" type="method" name="getExceptions" crap="1" count="10"/>
        <line num="154" type="stmt" count="10"/>
        <line num="157" type="method" name="getValidation" crap="1" count="10"/>
        <line num="159" type="stmt" count="10"/>
        <line num="162" type="method" name="isCaseSensitive" crap="1" count="10"/>
        <line num="164" type="stmt" count="10"/>
        <metrics loc="166" ncloc="144" classes="1" methods="7" coveredmethods="7" conditionals="0" coveredconditionals="0" statements="89" coveredstatements="89" elements="96" coveredelements="96"/>
      </file>
      <file name="/Users/michaelsharman/Documents/workspaces/learnosity-qti/src/Mappers/QtiV2/Import/Validation/TextEntryValidationBuilder.php">
        <class name="TextEntryValidationBuilder" namespace="Learnosity\Mappers\QtiV2\Import\Validation">
          <metrics methods="1" coveredmethods="1" conditionals="0" coveredconditionals="0" statements="31" coveredstatements="31" elements="32" coveredelements="32"/>
        </class>
        <line num="11" type="method" name="buildValidation" crap="8" count="8"/>
        <line num="13" type="stmt" count="8"/>
        <line num="15" type="stmt" count="8"/>
        <line num="16" type="stmt" count="8"/>
        <line num="18" type="stmt" count="8"/>
        <line num="19" type="stmt" count="8"/>
        <line num="20" type="stmt" count="8"/>
        <line num="21" type="stmt" count="8"/>
        <line num="22" type="stmt" count="8"/>
        <line num="23" type="stmt" count="8"/>
        <line num="24" type="stmt" count="8"/>
        <line num="25" type="stmt" count="8"/>
        <line num="26" type="stmt" count="8"/>
        <line num="27" type="stmt" count="8"/>
        <line num="28" type="stmt" count="8"/>
        <line num="29" type="stmt" count="8"/>
        <line num="30" type="stmt" count="8"/>
        <line num="31" type="stmt" count="7"/>
        <line num="32" type="stmt" count="7"/>
        <line num="33" type="stmt" count="7"/>
        <line num="34" type="stmt" count="7"/>
        <line num="36" type="stmt" count="8"/>
        <line num="38" type="stmt" count="8"/>
        <line num="40" type="stmt" count="8"/>
        <line num="41" type="stmt" count="8"/>
        <line num="42" type="stmt" count="8"/>
        <line num="43" type="stmt" count="8"/>
        <line num="44" type="stmt" count="8"/>
        <line num="46" type="stmt" count="8"/>
        <line num="47" type="stmt" count="7"/>
        <line num="48" type="stmt" count="7"/>
        <line num="49" type="stmt" count="8"/>
        <metrics loc="51" ncloc="51" classes="1" methods="1" coveredmethods="1" conditionals="0" coveredconditionals="0" statements="31" coveredstatements="31" elements="32" coveredelements="32"/>
      </file>
    </package>
    <package name="Learnosity\Services">
      <file name="/Users/michaelsharman/Documents/workspaces/learnosity-qti/src/Services/SchemasService.php">
        <class name="SchemasService" namespace="Learnosity\Services">
          <metrics methods="6" coveredmethods="6" conditionals="0" coveredconditionals="0" statements="15" coveredstatements="15" elements="21" coveredelements="21"/>
        </class>
        <line num="13" type="method" name="__construct" crap="1" count="1"/>
        <line num="15" type="stmt" count="1"/>
        <line num="16" type="stmt" count="1"/>
        <line num="17" type="stmt" count="1"/>
        <line num="18" type="stmt" count="1"/>
        <line num="19" type="stmt" count="1"/>
        <line num="21" type="method" name="getResponsesSchemas" crap="1" count="1"/>
        <line num="24" type="stmt" count="1"/>
        <line num="25" type="stmt" count="1"/>
        <line num="26" type="stmt" count="1"/>
        <line num="27" type="stmt" count="1"/>
        <line num="29" type="stmt" count="1"/>
        <line num="30" type="stmt" count="1"/>
        <line num="33" type="method" name="getFeaturesSchemas" crap="1" count="1"/>
        <line num="35" type="stmt" count="1"/>
        <line num="38" type="method" name="getVersions" crap="1" count="1"/>
        <line num="40" type="stmt" count="1"/>
        <line num="43" type="method" name="getActivitySchemas" crap="1" count="1"/>
        <line num="45" type="stmt" count="1"/>
        <line num="48" type="method" name="getItemSchemas" crap="1" count="2"/>
        <line num="50" type="stmt" count="2"/>
        <metrics loc="52" ncloc="50" classes="1" methods="6" coveredmethods="6" conditionals="0" coveredconditionals="0" statements="15" coveredstatements="15" elements="21" coveredelements="21"/>
      </file>
    </package>
    <package name="Learnosity\Utils">
      <file name="/Users/michaelsharman/Documents/workspaces/learnosity-qti/src/Utils/ArrayUtil.php">
        <class name="ArrayUtil" namespace="Learnosity\Utils">
          <metrics methods="2" coveredmethods="2" conditionals="0" coveredconditionals="0" statements="24" coveredstatements="24" elements="26" coveredelements="26"/>
        </class>
        <line num="7" type="method" name="combinations" crap="3" count="2"/>
        <line num="10" type="stmt" count="2"/>
        <line num="11" type="stmt" count="2"/>
        <line num="12" type="stmt" count="2"/>
        <line num="13" type="stmt" count="2"/>
        <line num="14" type="stmt" count="2"/>
        <line num="15" type="stmt" count="2"/>
        <line num="16" type="stmt" count="2"/>
        <line num="19" type="method" name="mutateResponses" crap="7" count="16"/>
        <line num="21" type="stmt" count="16"/>
        <line num="22" type="stmt" count="16"/>
        <line num="24" type="stmt" count="7"/>
        <line num="25" type="stmt" count="7"/>
        <line num="26" type="stmt" count="7"/>
        <line num="27" type="stmt" count="7"/>
        <line num="28" type="stmt" count="7"/>
        <line num="29" type="stmt" count="7"/>
        <line num="30" type="stmt" count="5"/>
        <line num="31" type="stmt" count="5"/>
        <line num="32" type="stmt" count="7"/>
        <line num="33" type="stmt" count="5"/>
        <line num="34" type="stmt" count="5"/>
        <line num="35" type="stmt" count="7"/>
        <line num="36" type="stmt" count="7"/>
        <line num="37" type="stmt" count="7"/>
        <line num="38" type="stmt" count="7"/>
        <metrics loc="41" ncloc="39" classes="1" methods="2" coveredmethods="2" conditionals="0" coveredconditionals="0" statements="24" coveredstatements="24" elements="26" coveredelements="26"/>
      </file>
      <file name="/Users/michaelsharman/Documents/workspaces/learnosity-qti/src/Utils/FileSystemUtil.php">
        <class name="FileSystemUtil" namespace="Learnosity\Utils">
          <metrics methods="6" coveredmethods="1" conditionals="0" coveredconditionals="0" statements="34" coveredstatements="13" elements="40" coveredelements="14"/>
        </class>
        <line num="15" type="method" name="readFile" crap="2.06" count="8"/>
        <line num="17" type="stmt" count="8"/>
        <line num="18" type="stmt" count="8"/>
        <line num="19" type="stmt" count="0"/>
        <line num="21" type="stmt" count="8"/>
        <line num="24" type="method" name="getPathType" crap="20" count="0"/>
        <line num="26" type="stmt" count="0"/>
        <line num="27" type="stmt" count="0"/>
        <line num="28" type="stmt" count="0"/>
        <line num="29" type="stmt" count="0"/>
        <line num="30" type="stmt" count="0"/>
        <line num="32" type="stmt" count="0"/>
        <line num="33" type="stmt" count="0"/>
        <line num="34" type="stmt" count="0"/>
        <line num="35" type="stmt" count="0"/>
        <line num="36" type="stmt" count="0"/>
        <line num="38" type="stmt" count="0"/>
        <line num="41" type="method" name="createWorkingFolder" crap="6" count="0"/>
        <line num="43" type="stmt" count="0"/>
        <line num="44" type="stmt" count="0"/>
        <line num="46" type="stmt" count="0"/>
        <line num="47" type="stmt" count="0"/>
        <line num="48" type="stmt" count="0"/>
        <line num="50" type="stmt" count="0"/>
        <line num="53" type="method" name="readJsonContent" crap="2.06" count="1"/>
        <line num="55" type="stmt" count="1"/>
        <line num="56" type="stmt" count="1"/>
        <line num="57" type="stmt" count="0"/>
        <line num="59" type="stmt" count="1"/>
        <line num="62" type="method" name="getRootPath" crap="1" count="9"/>
        <line num="64" type="stmt" count="9"/>
        <line num="67" type="method" name="recursiveRemoveDirectory" crap="3.14" count="1"/>
        <line num="69" type="stmt" count="1"/>
        <line num="70" type="stmt" count="1"/>
        <line num="71" type="stmt" count="0"/>
        <line num="72" type="stmt" count="0"/>
        <line num="73" type="stmt" count="1"/>
        <line num="75" type="stmt" count="1"/>
        <line num="76" type="stmt" count="1"/>
        <line num="77" type="stmt" count="1"/>
        <metrics loc="78" ncloc="78" classes="1" methods="6" coveredmethods="1" conditionals="0" coveredconditionals="0" statements="34" coveredstatements="13" elements="40" coveredelements="14"/>
      </file>
      <file name="/Users/michaelsharman/Documents/workspaces/learnosity-qti/src/Utils/StringUtil.php">
        <class name="StringUtil" namespace="Learnosity\Utils">
          <metrics methods="2" coveredmethods="0" conditionals="0" coveredconditionals="0" statements="7" coveredstatements="0" elements="9" coveredelements="0"/>
        </class>
        <line num="7" type="method" name="snakeToCamelCase" crap="2" count="0"/>
        <line num="9" type="stmt" count="0"/>
        <line num="10" type="stmt" count="0"/>
        <line num="11" type="stmt" count="0"/>
        <line num="14" type="method" name="generateRandomString" crap="12" count="0"/>
        <line num="16" type="stmt" count="0"/>
        <line num="17" type="stmt" count="0"/>
        <line num="19" type="stmt" count="0"/>
        <line num="20" type="stmt" count="0"/>
        <metrics loc="22" ncloc="22" classes="1" methods="2" coveredmethods="0" conditionals="0" coveredconditionals="0" statements="7" coveredstatements="0" elements="9" coveredelements="0"/>
      </file>
    </package>
    <metrics files="54" loc="3285" ncloc="3014" classes="53" methods="161" coveredmethods="91" conditionals="0" coveredconditionals="0" statements="1486" coveredstatements="1117" elements="1647" coveredelements="1208"/>
  </project>
</coverage>
